    1  cd schoolbox
    2  vi .bashrc
    3  vi .config/i3/config
    4  neofetch
    5  cd 
    6  rm .oh-my-zsh
    7  rm -rf .oh-my-zsh/
    8  cd github
    9  sh -c "$(curl -fsSL https://raw.github.com/robbyrussell/oh-my-zsh/master/tools/install.sh)"
   10  cd .
   11  cd github/schoolbox
   12  cd rofi
   13  cd ..
   14  rm rofi
   15  rm -rf rofi
   16  ls
   17  vi ~/.zshrc
   18  clear
   19  ls
   20  cd github
   21  ls
   22  git clone README.md
   23  git clone git@github.com:jeremyFreeAgent/oh-my-zsh-powerline-theme.git
   24  ls
   25  dpkg -l | grep i3
   26  vi .config/i3/config
   27  vi ~/.config/i3/config
   28  sudo apt-get install ttf-unifont
   29  sudo apt-get install chrome
   30  sudo apt-get install chromium
   31  cd /tmp
   32  ls
   33  cd mozilla_meitis0
   34  ls
   35  dpkg -i google-chrome-stable_current_amd64.deb
   36  sudo dpkg -i google-chrome-stable_current_amd64.deb
   37  cd
   38  cp /etc/i3blocks.conf .config/i3/i3blocks.conf
   39  vi .config/i3/i3blocks.conf
   40  cd .config
   41  ls
   42  cd i3
   43  ls
   44  vi config
   45  ls
   46  vi i3blocks.conf
   47  vi config
   48  ls
   49  pwd
   50  vi config
   51  i3blocks
   52  htop
   53  vi i3blocks.conf
   54  i3blocks > less
   55  i3blocks
   56  ls /var/log
   57  localetcl
   58  sudo localectl
   59  sudo su;apt-get update; apt-get upgrade
   60  alsamixer
   61  history
   62  pavucontrol
   63  alsamixer
   64  pavucontrol
   65  pulseaudio
   66  pavucontrol
   67  start-pulseaudio-x11 
   68  pavucontrol
   69  cd github
   70  ls
   71  cd oh-my-zsh-powerline-theme
   72  ls
   73  ./install_in_omz.sh
   74  cd 
   75  vi .zshrc
   76  source .zshrc
   77  ls
   78  vi .zshrc
   79  source .zshrc
   80  clear
   81  ls
   82  cd github
   83  ls
   84  cd schoolbox
   85  ls
   86  gitsync master; gitsync develop;
   87  vi .zshrc
   88  gsm; gsd
   89  source .zshrc
   90  gsm; gsd
   91  cd 
   92  ls
   93  locate rofi
   94  locate rofi | less
   95  cd /usr/share/rofi
   96  ls
   97  cd themes
   98  ls
   99  vi arthur.rasi
  100  redshift
  101  redshift -D 6400k
  102  redshift -K 6400k
  103  redshift --help
  104  redshift -h
  105  rofi-theme-selector
  106  cd 
  107  vi .config/i3/config
  108  redshift -O 4000k
  109  redshift -O 3000k
  110  redshift -O 5000k
  111  vi .config/i3/config
  112  rofi-theme-selector
  113  surf
  114  sudo apt install surfd
  115  sudo apt install surf
  116  vi .config/i3/config
  117  ls 
  118  cd .config/i3/
  119  ls
  120  rm less
  121  ls
  122  vim i3blocks.conf
  123  vi config
  124  cd
  125  vi .config/i3/i3blocks.conf
  126  lsconfig/i3/i3blocks.conf
  127  ls .config/i3/i3blocks.conf
  128  ls -lanfig/i3/i3blocks.conf
  129  ls -la .config/i3/i3blocks.conf
  130  vi .config/i3/i3blocks.conf
  131  sudo apt install acpi
  132  sudo apt install mstat
  133  i3blocks
  134  vi .config/i3/i3blocks.conf
  135  locate i3blocks | less
  136  ls /usr/share/i3blocks
  137  cat /usr/share/i3blocks/volume
  138  /usr/share/i3blocks/volume
  139  vi .config/i3/i3blocks.conf
  140  cd
  141  ln -s /usr/share/i3blocks /usr/lib/i3blocks
  142  sudo ln -s /usr/share/i3blocks /usr/lib/i3blocks
  143  ls /usr/lib/i3blocks/
  144  vi .config/i3/i3blocks.conf
  145  i3blocks
  146  man i3blocks
  147  i3blocks -v
  148  i3blocks -vvv
  149  vi .config/i3/i3blocks.conf
  150  man i3blocks
  151  vi .config/i3/i3blocks.conf
  152  i3blocks -vvv
  153  /usr/lib/i3blocks/wifi
  154  cat /usr/lib/i3blocks/wifi
  155  vi .config/i3/i3blocks.conf
  156  ifconfig
  157  ip -a
  158  ip -A
  159  ip a
  160  vi .config/i3/i3blocks.conf
  161  `f1eb`
  162  man i3blocks
  163  ls ~/Downloads
  164  cd Downloads
  165  ls
  166  mkdir ~/.local/share/fonts
  167  ls ~/.local/share/fonts
  168  gunzip fontawesome-free-5.0.10.zip ~/.local/share/fonts
  169  unzip fontawesome-free-5.0.10.zip ~/.local/share/fonts
  170  ls ~/.local/share/fonts
  171  ls -la
  172  cp fontawesome-webfont.ttf ~/.local/share/fonts
  173  fc-cache -fv
  174  vi .config/i3/i3blocks.conf
  175  vi ~/.config
  176  vi ~/.config/i3/config
  177  vi .zsh
  178  vi .zshrc
  179  locate powerline
  180  ls .oh-my-zsh
  181  locate powerline
  182  updatedb
  183  locate powerline
  184  cat ~/config/termite/config
  185  cat ~/.config/termite/config
  186  locate termite
  187  updatedb
  188  sudo updatedb
  189  updatedb
  190  locate termite
  191  ls /usr/local/bin/termite
  192  ls /usr/local/bin/termite/
  193  ls
  194  cat examples.desktop
  195  cat ~/.config/termite/config
  196  vi/.config/termite/config
  197  vi ~/.config/termite/config
  198  sudo vi ~/.config/termite/config
  199  mkdir .config/termite
  200  sudo vi ~/.config/termite/config
  201  vi ~/.config/termite/config
  202  ls .config
  203  clear
  204  cd ../github
  205  ls
  206  cd puppet-alaress
  207  ls
  208  ls -la
  209  sudo vi ~/.config/termite/config
  210  vi ~/.config/termite/config
  211  cd 
  212  vi .config/i3/config
  213  vi .config/i3
  214  vi .config/i3/config
  215  vi .config/i3/i3blocks.conf
  216  \n\ni3-save-tree --workspace 1 > ~/.i3/workspace-1.json\n\n
  217  cat ~/.i3/workspace-1.json
  218  rm ~/.i3/workspace-1.json
  219  vi .config/i3/config
  220  volume
  221  vi .zshrc
  222  alsamixer
  223  source .zshrc
  224  vol
  225  surf
  226  surf google.com.au
  227  surf wiki.alaress.com.au/index.php/BC_Live
  228  vi .zshrc
  229  wiki BC_live
  230  source .zshrc
  231  wiki BC_Live
  232  echo "$wiki BC_Live"
  233  echo `wiki BC_Live`
  234  echo "`wiki BC_Live`"
  235  wiki BC_Live > test
  236  echo '$DATE'
  237  echo -e '$DATE'
  238  echo -e "$DATE"
  239  echo -e "$pwd"
  240  echo -e `$pwd`
  241  echo -e `pwd`
  242  echo -e `wiki`
  243  vi .zshrc
  244  source .zshrc
  245  vi .zshrc
  246  source .zshrc
  247  vi .zshrc
  248  ls
  249  ls -la .
  250  vi .profile
  251  source .profile
  252  wiki BC_Live
  253  vi .profile
  254  source .profile
  255  wiki BC_Live
  256  source .zsh
  257  source .zshrc
  258  wiki BC_Live
  259  vi .profile
  260  source .zshrc
  261  cate .zshrc
  262  cat .zshrc
  263  wiki BC_Live
  264  man surf
  265  vi wiki.sh
  266  chmod +x wiki.sh
  267  sh wiki.sh BC_Live
  268  vi wiki.sh
  269  sh wiki.sh BC_Live
  270  vi wiki.sh
  271  sh wiki.sh BC_Live
  272  vi wiki.sh
  273  sh wiki.sh BC_Live
  274  vi wiki.sh
  275  sh wiki.sh BC_Live
  276  vi wiki.sh
  277  sh wiki.sh BC_Live
  278  vi wiki.sh
  279  sh wiki.sh BC_Live
  280  vi wiki.sh
  281  rm wiki.sh
  282  ls
  283  ls -la
  284  rm '~'
  285  ls
  286  rm test
  287  neofetch
  288  curl -L https://bit.ly/glances | /bin/bash
  289  vi .config/i3/config
  290  vi .config/i3/i3blocks.conf
  291  htop
  292  glances
  293  cd .bin
  294  ls
  295  cd /usr/share/sbin
  296  history
  297  vi /usr/local/bin/lock.sh
  298  sudo vi /usr/local/bin/lock.sh
  299  chmod +x  /usr/local/bin/lock.sh
  300  sudo chmod +x  /usr/local/bin/lock.sh
  301  sudo chown 755  /usr/local/bin/lock.sh
  302  vi .config/i3/config
  303  mkdir .bin
  304  cd .bin
  305  ls
  306  ln -s /usr/local/bin/lock.sh .
  307  ls
  308  sudo vi /usr/local/bin/lock.sh
  309  ranger
  310  sudo apt-get install i3-lock
  311  sudo apt-get install i3lock
  312  vi .config/i3/config
  313  ls $HOME/.bin
  314  ls -la $HOME/.bin
  315  vi /usr/local/bin/lock.sh
  316  sudo vi /usr/local/bin/lock.sh
  317  ls Pictures
  318  ls
  319  ls -la
  320  cd .bin
  321  ls
  322  ls -la
  323  ./lock.sh
  324  apt-get install scrot
  325  sudo apt-get install scrot
  326  convert
  327  ./lock.sh
  328  ls ../Pictures
  329  feh ../Pictures/lockscreen.jpg
  330  feh ../Pictures/lock.jpg
  331  feh ../Pictures/lock.png
  332  feh ../Pictures/lockscreen.jpg
  333  ./lock.sh
  334  sudo vi /usr/local/bin/lock.sh
  335  ./lock.sh
  336  man convert
  337  convert -gravity
  338  /usr/lib/i3blocks/wifi 
  339  convert -gravity | less
  340  convert "$tmpbg" "$icon" -gravity centre composite -matte "$tmpbg"
  341  source lock.sh
  342  sudo vi /usr/local/bin/lock.sh
  343  ./lock.sh
  344  sudo vi /usr/local/bin/lock.sh
  345  ./lock.sh
  346  sudo vi /usr/local/bin/lock.sh
  347  source lock.sh
  348  sudo apt install tmux
  349  tmux
  350  glances
  351  ranger
  352  history
  353  history | grep git
  354  sudo su
  355  ln -s $HOME/.oh-my-zsh           /root/.oh-my-zsh\nln -s $HOME/.zshrc               /root/.zshrc
  356  sudo ln -s $HOME/.oh-my-zsh           /root/.oh-my-zsh; sudo ln -s $HOME/.zshrc               /root/.zshrc
  357  sudo su
  358  sudo apt install hipchat
  359  cd 
  360  cd /tmp/mozilla_meitis0
  361  ls
  362  cd 
  363  wget -O - https://atlassian.artifactoryonline.com/atlassian/api/gpg/key/public | sudo apt-key add -\nsudo apt-get update\nsudo apt-get install hipchat4 
  364  ls
  365  sudo sh -c 'echo "deb https://atlassian.artifactoryonline.com/atlassian/hipchat-apt-client $(lsb_release -c -s) main" > /etc/apt/sources.list.d/atlassian-hipchat4.list'\nwget -O - https://atlassian.artifactoryonline.com/atlassian/api/gpg/key/public | sudo apt-key add -\nsudo apt-get update\nsudo apt-get install hipchat4 
  366  cd /tmp/mozilla_meitis0
  367  ls
  368  cat 77490_554243_WLOyHuQ9Ey1hfGy_vim-pathogen-2015-08-06.sh
  369  ./ cat 77490_554243_WLOyHuQ9Ey1hfGy_vim-pathogen-2015-08-06.sh
  370  ./77490_554243_WLOyHuQ9Ey1hfGy_vim-pathogen-2015-08-06.sh
  371  sudo ./77490_554243_WLOyHuQ9Ey1hfGy_vim-pathogen-2015-08-06.sh
  372  sudo bash ./77490_554243_WLOyHuQ9Ey1hfGy_vim-pathogen-2015-08-06.sh
  373  cd /tmp/mozilla_meitis0
  374  ls
  375  mv 77490_554243_WLOyHuQ9Ey1hfGy_vim-pathogen-2015-08-06.sh /home/meitis/Documents
  376  cd 
  377  ls
  378  cd Documents
  379  ls
  380  mv 77490_554243_WLOyHuQ9Ey1hfGy_vim-pathogen-2015-08-06.sh vim-pathogen.sh
  381  ls
  382  ./vim-pathogen.sh
  383  chmod +x vim-pathogen.sh
  384  ./vim-pathogen.sh
  385  cd ../github
  386  ls
  387  rm vim
  388  rm -r vim
  389  cd ../Documents
  390  ls
  391  ./vim-pathogen.sh
  392  vim
  393  cat vim-pathogen.sh
  394  sudo ./vim-pathogen.sh
  395  cd ../github
  396  ls
  397  rm -r vim
  398  rm -rf vim
  399  sudo ./vim-pathogen.sh
  400  cd ../Documents
  401  sudo ./vim-pathogen.sh
  402  ls
  403  rm vim-pathogen.sh
  404  cd ../github
  405  ls
  406  rm vim -rf
  407  rofi-sensible-terminal
  408  vi ../.config/rofi/config 
  409  rofi -dump-xresources 
  410  locate rofi
  411  locate rofi |
  412  locate rofi | less
  413  rofi -terminal termite
  414  rofi -ssh-client
  415  locate Xresource
  416  infocmp > termite.terminfo
  417  ls
  418  cat termite.terminfo
  419  rm termite.terminfo
  420  vi ../.config/i3/config
  421  ssh mggs_live
  422  ssh bc_live
  423  vi ../.ssh/config
  424  lsgw
  425  sudo lshw
  426  sudo lshw ram
  427  sudo lshw -c memory
  428  git clone git@github.com:Airblader/xcb-util-xrm.git
  429  vi ../.config/termite/config
  430  histname
  431  hostname
  432  vi /etc/hostname
  433  sudo vi /etc/hostname
  434  sudo vi /etc/hosts
  435  sudo hostname doom-ubuntu
  436  sudo service hostname start
  437  hostnamectl set-hostname doom-ubuntu
  438  sudo hostnamectl set-hostname doom-ubuntu
  439  clear
  440  neofetch
  441  man neofetch 
  442  neofetch --source $HOME/Pictures/neofetch-bg.jpg
  443  man neofetch 
  444  neofetch --source /home/meitis/Pictures/neofetch-bg.jpg
  445  sudo apt install imagemagick w3m
  446  cd .config/neofetch
  447  ls
  448  vim config.conf
  449  sudo vim config.conf
  450  ls Pictures
  451  neofetch
  452  neofetch --source wallpaper
  453  cd 
  454  vi .config/i3/config
  455  ls Pictures
  456  ls
  457  cd Downloads
  458  ls
  459  cd ../Pictures
  460  ls
  461  cd ../Documents
  462  ls
  463  cd wallpapers
  464  ls
  465  sudo vi .config/i3/config
  466  redshift -O 4000k
  467  redshift -O 3500k
  468  sudo shutdow now
  469  sudo shutdown now
  470  sudo vi .config/i3/config
  471  date
  472  at 11:39AM today
  473  echo "hello" at 11:40AM Sun
  474  sudo apt install kate
  475  cd github
  476  {sudo apt-get install xorg-dev build-essential libx11-dev x11proto-xext-dev libxrender-dev libxext-dev;\ngit clone https://github.com/aaahh/xwinwrap.git\;\ncd xwinwrap;\nmake;\nsudo make install;\nmake clean;}
  477  git clone https://github.com/aaahh/xwinwrap.git
  478  sudo apt install iotop iftop
  479  iftop
  480  sudo iftop
  481  ip A
  482  ip a
  483  sudo iftop wlp2s0
  484  sudo iftop -i wlp2s0
  485* cd xwinwrap
  486* make
  487* sudo make install
  488* make clean
  489* ls
  490* xwinwrap -g 400x400 -ni -s -nf -b -un -argb -sh circle -- gifview -w WID $HOME/Documents/wallpapers/deadmouse-gif-wallpapers.gif
  491* xwinwrap -g 400x400 -ni -s -nf -b -un -argb -sh circle -- gifview -w WID ~/Documents/wallpapers/deadmouse-gif-wallpapers.gif
  492* xwinwrap -g 400x400 -ni -s -nf -b -un -argb -sh circle -- gifview -w WID ~/Documents/wallpapers/deadmouse-gif-wallpapers.gif -a
  493* cd 
  494* cd Documents
  495* cd wallpapers
  496* xwinwrap -g 400x400 -ni -s -nf -b -un -argb -sh circle -- gifview -w WID deadmouse-gif-wallpapers.gif -a
  497* xwinwrap -g 400x400 -ni -s -nf -b -un -argb -sh circle -- gifview -w WID deadmouse-gif-wallpapers.gif -a -debug
  498* sudo xwinwrap -g 400x400 -ni -s -nf -b -un -argb -sh circle -- gifview -w WID deadmouse-gif-wallpapers.gif -a -debug
  499* cd /
  500* ls
  501* cd 
  502* sudo pip install Pillow
  503* cd github
  504* ls
  505* git@github.com:Wild8ill/animetic.git
  506* git clone git@github.com:Wild8ill/animetic.git
  507* cd animetic
  508* ls
  509* cd SourceGifs
  510* ls
  511* cd ..
  512* ls
  513* cp ~/Documents/wallpapers/deadmouse-gif-wallpapers.gif .
  514* ls
  515* ./setup.sh deadmouse-gif-wallpapers.gif
  516* ls
  517* ./bg.sh
  518* sudo apt install xdotool
  519* ./bg.sh
  520* vi bg.sh
  521* ./bg.sh
  522* vi bg.sh
  523* ./bg.sh
  524* vi bg.sh
  525* ./bg.sh
  526* cat ~/.config/i3/config
  527* exec_always --no-startup-id feh --bg-scale ~/Documents/wallpapers/wallhaven-640283.jpg
  528* feh --bg-scale ~/Documents/wallpapers/wallhaven-640283.jpg &&
  529* feh --bg-scale ~/Documents/wallpapers/wallhaven-640283.jpg &
  530  cd github
  531  ls
  532  rm xwinwrap/ animetic
  533  rm xwinwrap/ animetic -r
  534  rm xwinwrap/ animetic -rf
  535  ls -la
  536* cd /mnt
  537* ls
  538* cd ../media
  539* ls
  540* ranger
  541* lsblk
  542* df -h
  543  exec_always --no-startup-id feh --bg-scale ~/Documents/wallpapers/wallhaven-640283.jpg
  544  git clomne git@github.com:jykingston/dotfiles.git
  545  git clone git@github.com:jykingston/dotfiles.git
  546  ls
  547  cd dotfiles
  548  ls
  549  cp /home/meitis/config .
  550  cp -r /home/meitis/config .
  551  cp -r /home/meitis/.config .
  552  ls -la
  553  cp --parents /usr/local/bin/lock.sh .
  554  ls -la
  555  cp --parents /home/meitis/Pictures .
  556  cp --parents /home/meitis/Pictures/* .
  557  cp --parents /home/meitis/Downloads/fontawesome-webfont.ttf
  558  cp --parents /home/meitis/Downloads/fontawesome-webfont.ttf .
  559  ls
  560  history
